{"name": "test_adding_material", "status": "broken", "statusDetails": {"message": "selenium.common.exceptions.NoSuchElementException: Message: no such element: Unable to locate element: {\"method\":\"css selector\",\"selector\":\"[id=\"sidebar-toggle\"]\"}\n  (Session info: chrome=128.0.6613.119); For documentation on this error, please visit: https://www.selenium.dev/documentation/webdriver/troubleshooting/errors#no-such-element-exception\nStacktrace:\n\tGetHandleVerifier [0x00007FF7964DB5D2+29090]\n\t(No symbol) [0x00007FF79644E689]\n\t(No symbol) [0x00007FF79630B1CA]\n\t(No symbol) [0x00007FF79635EFD7]\n\t(No symbol) [0x00007FF79635F22C]\n\t(No symbol) [0x00007FF7963A97F7]\n\t(No symbol) [0x00007FF79638672F]\n\t(No symbol) [0x00007FF7963A65D9]\n\t(No symbol) [0x00007FF796386493]\n\t(No symbol) [0x00007FF7963509B1]\n\t(No symbol) [0x00007FF796351B11]\n\tGetHandleVerifier [0x00007FF7967F8C5D+3295277]\n\tGetHandleVerifier [0x00007FF796844843+3605523]\n\tGetHandleVerifier [0x00007FF79683A707+3564247]\n\tGetHandleVerifier [0x00007FF796596EB6+797318]\n\t(No symbol) [0x00007FF79645980F]\n\t(No symbol) [0x00007FF7964553F4]\n\t(No symbol) [0x00007FF796455580]\n\t(No symbol) [0x00007FF796444A1F]\n\tBaseThreadInitThunk [0x00007FFD3B39257D+29]\n\tRtlUserThreadStart [0x00007FFD3D3EAF28+40]", "trace": "self = <testCases.test_addMaterial.Test_02_AddMaterial object at 0x00000196AB546270>\nsetUp = <selenium.webdriver.chrome.webdriver.WebDriver (session=\"c8f9ad33c5101a0c3cd44af482a0a4ef\")>\n\n    @pytest.mark.run(order=3)\n    @pytest.mark.sanity\n    @pytest.mark.regression\n    def test_adding_material(self, setUp):\n        self.logger.info(\"*****Test_02_Add_Material_started*****\")\n        self.driver = setUp\n        self.add=AddMaterial(self.driver)\n        self.driver.implicitly_wait(20)\n        # Log in to the application\n        # Take a screenshot of the dashboard page\n        self.driver.save_screenshot(\"./screenshots/DashboardPage.png\")\n>       self.add.click_on_main_menu()\n\ntestCases\\test_addMaterial.py:29: \n_ _ _ _ _ _ _ _ _ _ _ _ _ _ _ _ _ _ _ _ _ _ _ _ _ _ _ _ _ _ _ _ _ _ _ _ _ _ _ _ _ _ _ _ _ _ _ _ _ _ _ _ _ _ _ _ _ _ _ _ _ _ _ _ _ _ _ _ _ _ _ _ _ _ _ _ _ _ _ _\npages\\addMaterial.py:33: in click_on_main_menu\n    self.driver.find_element(By.ID, self.menu_id).click()\n.venv\\Lib\\site-packages\\selenium\\webdriver\\remote\\webdriver.py:748: in find_element\n    return self.execute(Command.FIND_ELEMENT, {\"using\": by, \"value\": value})[\"value\"]\n.venv\\Lib\\site-packages\\selenium\\webdriver\\remote\\webdriver.py:354: in execute\n    self.error_handler.check_response(response)\n_ _ _ _ _ _ _ _ _ _ _ _ _ _ _ _ _ _ _ _ _ _ _ _ _ _ _ _ _ _ _ _ _ _ _ _ _ _ _ _ _ _ _ _ _ _ _ _ _ _ _ _ _ _ _ _ _ _ _ _ _ _ _ _ _ _ _ _ _ _ _ _ _ _ _ _ _ _ _ _\n\nself = <selenium.webdriver.remote.errorhandler.ErrorHandler object at 0x00000196AB508B90>\nresponse = {'status': 404, 'value': '{\"value\":{\"error\":\"no such element\",\"message\":\"no such element: Unable to locate element: {\\...07FF796444A1F]\\\\n\\\\tBaseThreadInitThunk [0x00007FFD3B39257D+29]\\\\n\\\\tRtlUserThreadStart [0x00007FFD3D3EAF28+40]\\\\n\"}}'}\n\n    def check_response(self, response: Dict[str, Any]) -> None:\n        \"\"\"Checks that a JSON response from the WebDriver does not have an\n        error.\n    \n        :Args:\n         - response - The JSON response from the WebDriver server as a dictionary\n           object.\n    \n        :Raises: If the response contains an error message.\n        \"\"\"\n        status = response.get(\"status\", None)\n        if not status or status == ErrorCode.SUCCESS:\n            return\n        value = None\n        message = response.get(\"message\", \"\")\n        screen: str = response.get(\"screen\", \"\")\n        stacktrace = None\n        if isinstance(status, int):\n            value_json = response.get(\"value\", None)\n            if value_json and isinstance(value_json, str):\n                import json\n    \n                try:\n                    value = json.loads(value_json)\n                    if len(value) == 1:\n                        value = value[\"value\"]\n                    status = value.get(\"error\", None)\n                    if not status:\n                        status = value.get(\"status\", ErrorCode.UNKNOWN_ERROR)\n                        message = value.get(\"value\") or value.get(\"message\")\n                        if not isinstance(message, str):\n                            value = message\n                            message = message.get(\"message\")\n                    else:\n                        message = value.get(\"message\", None)\n                except ValueError:\n                    pass\n    \n        exception_class: Type[WebDriverException]\n        e = ErrorCode()\n        error_codes = [item for item in dir(e) if not item.startswith(\"__\")]\n        for error_code in error_codes:\n            error_info = getattr(ErrorCode, error_code)\n            if isinstance(error_info, list) and status in error_info:\n                exception_class = getattr(ExceptionMapping, error_code, WebDriverException)\n                break\n        else:\n            exception_class = WebDriverException\n    \n        if not value:\n            value = response[\"value\"]\n        if isinstance(value, str):\n            raise exception_class(value)\n        if message == \"\" and \"message\" in value:\n            message = value[\"message\"]\n    \n        screen = None  # type: ignore[assignment]\n        if \"screen\" in value:\n            screen = value[\"screen\"]\n    \n        stacktrace = None\n        st_value = value.get(\"stackTrace\") or value.get(\"stacktrace\")\n        if st_value:\n            if isinstance(st_value, str):\n                stacktrace = st_value.split(\"\\n\")\n            else:\n                stacktrace = []\n                try:\n                    for frame in st_value:\n                        line = frame.get(\"lineNumber\", \"\")\n                        file = frame.get(\"fileName\", \"<anonymous>\")\n                        if line:\n                            file = f\"{file}:{line}\"\n                        meth = frame.get(\"methodName\", \"<anonymous>\")\n                        if \"className\" in frame:\n                            meth = f\"{frame['className']}.{meth}\"\n                        msg = \"    at %s (%s)\"\n                        msg = msg % (meth, file)\n                        stacktrace.append(msg)\n                except TypeError:\n                    pass\n        if exception_class == UnexpectedAlertPresentException:\n            alert_text = None\n            if \"data\" in value:\n                alert_text = value[\"data\"].get(\"text\")\n            elif \"alert\" in value:\n                alert_text = value[\"alert\"].get(\"text\")\n            raise exception_class(message, screen, stacktrace, alert_text)  # type: ignore[call-arg]  # mypy is not smart enough here\n>       raise exception_class(message, screen, stacktrace)\nE       selenium.common.exceptions.NoSuchElementException: Message: no such element: Unable to locate element: {\"method\":\"css selector\",\"selector\":\"[id=\"sidebar-toggle\"]\"}\nE         (Session info: chrome=128.0.6613.119); For documentation on this error, please visit: https://www.selenium.dev/documentation/webdriver/troubleshooting/errors#no-such-element-exception\nE       Stacktrace:\nE       \tGetHandleVerifier [0x00007FF7964DB5D2+29090]\nE       \t(No symbol) [0x00007FF79644E689]\nE       \t(No symbol) [0x00007FF79630B1CA]\nE       \t(No symbol) [0x00007FF79635EFD7]\nE       \t(No symbol) [0x00007FF79635F22C]\nE       \t(No symbol) [0x00007FF7963A97F7]\nE       \t(No symbol) [0x00007FF79638672F]\nE       \t(No symbol) [0x00007FF7963A65D9]\nE       \t(No symbol) [0x00007FF796386493]\nE       \t(No symbol) [0x00007FF7963509B1]\nE       \t(No symbol) [0x00007FF796351B11]\nE       \tGetHandleVerifier [0x00007FF7967F8C5D+3295277]\nE       \tGetHandleVerifier [0x00007FF796844843+3605523]\nE       \tGetHandleVerifier [0x00007FF79683A707+3564247]\nE       \tGetHandleVerifier [0x00007FF796596EB6+797318]\nE       \t(No symbol) [0x00007FF79645980F]\nE       \t(No symbol) [0x00007FF7964553F4]\nE       \t(No symbol) [0x00007FF796455580]\nE       \t(No symbol) [0x00007FF796444A1F]\nE       \tBaseThreadInitThunk [0x00007FFD3B39257D+29]\nE       \tRtlUserThreadStart [0x00007FFD3D3EAF28+40]\n\n.venv\\Lib\\site-packages\\selenium\\webdriver\\remote\\errorhandler.py:229: NoSuchElementException"}, "attachments": [{"name": "log", "source": "73b2635d-30a0-4b58-bd3f-52d23efefc08-attachment.txt", "type": "text/plain"}], "start": 1725547758322, "stop": 1725547778525, "uuid": "606d5fe4-41ee-4153-b061-c68ed9f7a217", "historyId": "e0a9e0cba782fe4300859995687f648e", "testCaseId": "e0a9e0cba782fe4300859995687f648e", "fullName": "testCases.test_addMaterial.Test_02_AddMaterial#test_adding_material", "labels": [{"name": "tag", "value": "regression"}, {"name": "tag", "value": "sanity"}, {"name": "tag", "value": "run(order=3)"}, {"name": "tag", "value": "@pytest.mark.usefixtures('setUp')"}, {"name": "parentSuite", "value": "testCases"}, {"name": "suite", "value": "test_addMaterial"}, {"name": "subSuite", "value": "Test_02_AddMaterial"}, {"name": "host", "value": "LIHYDLPT001"}, {"name": "thread", "value": "27592-MainThread"}, {"name": "framework", "value": "pytest"}, {"name": "language", "value": "cpython3"}, {"name": "package", "value": "testCases.test_addMaterial"}]}